0 info it worked if it ends with ok
1 verbose cli [ 'E:\\node.js\\node.exe',
1 verbose cli   'E:\\node.js\\node_modules\\npm\\bin\\npm-cli.js',
1 verbose cli   'start' ]
2 info using npm@3.8.9
3 info using node@v6.2.0
4 verbose run-script [ 'prestart', 'start', 'poststart' ]
5 info lifecycle reader@1.0.0~prestart: reader@1.0.0
6 silly lifecycle reader@1.0.0~prestart: no script for prestart, continuing
7 info lifecycle reader@1.0.0~start: reader@1.0.0
8 verbose lifecycle reader@1.0.0~start: unsafe-perm in lifecycle true
9 verbose lifecycle reader@1.0.0~start: PATH: E:\node.js\node_modules\npm\bin\node-gyp-bin;C:\Users\ghost\Desktop\reader manage\node_modules\.bin;E:\node.js;E:\jdk\bin;C:\Program Files (x86)\Common Files\NetSarang;C:\Program Files (x86)\Intel\iCLS Client\;C:\Program Files\Intel\iCLS Client\;C:\Program Files (x86)\Lenovo\FusionEngine;C:\Windows\system32;C:\Windows;C:\Windows\System32\Wbem;C:\Windows\System32\WindowsPowerShell\v1.0\;C:\Program Files (x86)\Common Files\lenovo\easyplussdk\bin;C:\Program Files (x86)\NVIDIA Corporation\PhysX\Common;C:\Program Files (x86)\Intel\Intel(R) Management Engine Components\DAL;C:\Program Files\Intel\Intel(R) Management Engine Components\DAL;C:\Program Files (x86)\Intel\Intel(R) Management Engine Components\IPT;C:\Program Files\Intel\Intel(R) Management Engine Components\IPT;C:\WINDOWS\system32;C:\WINDOWS;C:\WINDOWS\System32\Wbem;C:\WINDOWS\System32\WindowsPowerShell\v1.0\;D:\Applications\Git\cmd;E:\node.js\;C:\Program Files\MongoDB\Server\3.4\bin;C:\Program Files\Intel\WiFi\bin\;C:\Program Files\Common Files\Intel\WirelessCommon\;C:\Users\ghost\AppData\Local\Microsoft\WindowsApps;C:\Users\ghost\AppData\Roaming\npm
10 verbose lifecycle reader@1.0.0~start: CWD: C:\Users\ghost\Desktop\reader manage
11 silly lifecycle reader@1.0.0~start: Args: [ '/d /s /c', 'webpack-dev-server --inline' ]
12 silly lifecycle reader@1.0.0~start: Returned: code: 1  signal: null
13 info lifecycle reader@1.0.0~start: Failed to exec start script
14 verbose stack Error: reader@1.0.0 start: `webpack-dev-server --inline`
14 verbose stack Exit status 1
14 verbose stack     at EventEmitter.<anonymous> (E:\node.js\node_modules\npm\lib\utils\lifecycle.js:245:16)
14 verbose stack     at emitTwo (events.js:106:13)
14 verbose stack     at EventEmitter.emit (events.js:191:7)
14 verbose stack     at ChildProcess.<anonymous> (E:\node.js\node_modules\npm\lib\utils\spawn.js:24:14)
14 verbose stack     at emitTwo (events.js:106:13)
14 verbose stack     at ChildProcess.emit (events.js:191:7)
14 verbose stack     at maybeClose (internal/child_process.js:850:16)
14 verbose stack     at Process.ChildProcess._handle.onexit (internal/child_process.js:215:5)
15 verbose pkgid reader@1.0.0
16 verbose cwd C:\Users\ghost\Desktop\reader manage
17 error Windows_NT 10.0.14393
18 error argv "E:\\node.js\\node.exe" "E:\\node.js\\node_modules\\npm\\bin\\npm-cli.js" "start"
19 error node v6.2.0
20 error npm  v3.8.9
21 error code ELIFECYCLE
22 error reader@1.0.0 start: `webpack-dev-server --inline`
22 error Exit status 1
23 error Failed at the reader@1.0.0 start script 'webpack-dev-server --inline'.
23 error Make sure you have the latest version of node.js and npm installed.
23 error If you do, this is most likely a problem with the reader package,
23 error not with npm itself.
23 error Tell the author that this fails on your system:
23 error     webpack-dev-server --inline
23 error You can get information on how to open an issue for this project with:
23 error     npm bugs reader
23 error Or if that isn't available, you can get their info via:
23 error     npm owner ls reader
23 error There is likely additional logging output above.
24 verbose exit [ 1, true ]
